0 info it worked if it ends with ok
1 verbose cli [ 'C:\\Program Files\\nodejs\\node.exe',
1 verbose cli   'C:\\Program Files\\nodejs\\node_modules\\npm\\bin\\npm-cli.js',
1 verbose cli   'init' ]
2 info using npm@2.15.9
3 info using node@v4.5.0
4 silly package data undefined
5 info init written successfully
6 verbose stack TypeError: Cannot read property 'toUpperCase' of undefined
6 verbose stack     at Array.<anonymous> (C:\Program Files\nodejs\node_modules\npm\node_modules\validate-npm-package-license\node_modules\spdx-correct\index.js:82:23)
6 verbose stack     at validTransformation (C:\Program Files\nodejs\node_modules\npm\node_modules\validate-npm-package-license\node_modules\spdx-correct\index.js:173:36)
6 verbose stack     at module.exports (C:\Program Files\nodejs\node_modules\npm\node_modules\validate-npm-package-license\node_modules\spdx-correct\index.js:215:21)
6 verbose stack     at module.exports (C:\Program Files\nodejs\node_modules\npm\node_modules\validate-npm-package-license\index.js:60:23)
6 verbose stack     at C:\Program Files\nodejs\node_modules\npm\node_modules\init-package-json\default-input.js:232:13
6 verbose stack     at PromZard.<anonymous> (C:\Program Files\nodejs\node_modules\npm\node_modules\init-package-json\node_modules\promzard\promzard.js:226:19)
6 verbose stack     at Interface.onLine (C:\Program Files\nodejs\node_modules\npm\node_modules\read\lib\read.js:111:5)
6 verbose stack     at emitOne (events.js:77:13)
6 verbose stack     at Interface.emit (events.js:169:7)
6 verbose stack     at Interface._onLine (readline.js:212:10)
7 verbose cwd D:\cwcci
8 error Windows_NT 6.1.7601
9 error argv "C:\\Program Files\\nodejs\\node.exe" "C:\\Program Files\\nodejs\\node_modules\\npm\\bin\\npm-cli.js" "init"
10 error node v4.5.0
11 error npm  v2.15.9
12 error Cannot read property 'toUpperCase' of undefined
13 error If you need help, you may report this error at:
13 error     <https://github.com/npm/npm/issues>
14 verbose exit [ 1, true ]
